[2019-02-28T22:42:53.935] [ERROR] koa_app - { data:
   { FetchError: request to http://localhost/web/index.php?r=book/index failed, reason: connect ECONNREFUSED 127.0.0.1:80
       at ClientRequest.<anonymous> (/Users/zhangchiyang/Desktop/network/yd_homework_week2/koa_app/node_modules/_node-fetch@2.3.0@node-fetch/lib/index.js:1444:11)
       at ClientRequest.emit (events.js:189:13)
       at Socket.socketErrorListener (_http_client.js:392:9)
       at Socket.emit (events.js:189:13)
       at emitErrorNT (internal/streams/destroy.js:82:8)
       at emitErrorAndCloseNT (internal/streams/destroy.js:50:3)
       at process._tickCallback (internal/process/next_tick.js:63:19)
     message:
      'request to http://localhost/web/index.php?r=book/index failed, reason: connect ECONNREFUSED 127.0.0.1:80',
     type: 'system',
     errno: 'ECONNREFUSED',
     code: 'ECONNREFUSED' },
  message: 'fetch error',
  code: 1 }
[2019-02-28T22:48:49.938] [ERROR] koa_app - { data:
   { FetchError: request to http://localhost/web/index.php?r=book/index failed, reason: connect ECONNREFUSED 127.0.0.1:80
       at ClientRequest.<anonymous> (/Users/zhangchiyang/Desktop/network/yd_homework_week2/koa_app/node_modules/_node-fetch@2.3.0@node-fetch/lib/index.js:1444:11)
       at ClientRequest.emit (events.js:189:13)
       at Socket.socketErrorListener (_http_client.js:392:9)
       at Socket.emit (events.js:189:13)
       at emitErrorNT (internal/streams/destroy.js:82:8)
       at emitErrorAndCloseNT (internal/streams/destroy.js:50:3)
       at process._tickCallback (internal/process/next_tick.js:63:19)
     message:
      'request to http://localhost/web/index.php?r=book/index failed, reason: connect ECONNREFUSED 127.0.0.1:80',
     type: 'system',
     errno: 'ECONNREFUSED',
     code: 'ECONNREFUSED' },
  message: 'fetch error',
  code: 1 }
[2019-02-28T22:49:15.933] [ERROR] koa_app - { data:
   { FetchError: request to http://localhost/web/index.php?r=book/index failed, reason: connect ECONNREFUSED 127.0.0.1:80
       at ClientRequest.<anonymous> (/Users/zhangchiyang/Desktop/network/yd_homework_week2/koa_app/node_modules/_node-fetch@2.3.0@node-fetch/lib/index.js:1444:11)
       at ClientRequest.emit (events.js:189:13)
       at Socket.socketErrorListener (_http_client.js:392:9)
       at Socket.emit (events.js:189:13)
       at emitErrorNT (internal/streams/destroy.js:82:8)
       at emitErrorAndCloseNT (internal/streams/destroy.js:50:3)
       at process._tickCallback (internal/process/next_tick.js:63:19)
     message:
      'request to http://localhost/web/index.php?r=book/index failed, reason: connect ECONNREFUSED 127.0.0.1:80',
     type: 'system',
     errno: 'ECONNREFUSED',
     code: 'ECONNREFUSED' },
  message: 'fetch error',
  code: 1 }
[2019-02-28T22:49:55.671] [ERROR] koa_app - { data:
   { FetchError: request to http://localhost/web/index.php?r=book/index failed, reason: connect ECONNREFUSED 127.0.0.1:80
       at ClientRequest.<anonymous> (/Users/zhangchiyang/Desktop/network/yd_homework_week2/koa_app/node_modules/_node-fetch@2.3.0@node-fetch/lib/index.js:1444:11)
       at ClientRequest.emit (events.js:189:13)
       at Socket.socketErrorListener (_http_client.js:392:9)
       at Socket.emit (events.js:189:13)
       at emitErrorNT (internal/streams/destroy.js:82:8)
       at emitErrorAndCloseNT (internal/streams/destroy.js:50:3)
       at process._tickCallback (internal/process/next_tick.js:63:19)
     message:
      'request to http://localhost/web/index.php?r=book/index failed, reason: connect ECONNREFUSED 127.0.0.1:80',
     type: 'system',
     errno: 'ECONNREFUSED',
     code: 'ECONNREFUSED' },
  message: 'fetch error',
  code: 1 }
[2019-02-28T22:51:05.796] [ERROR] koa_app - { data:
   { FetchError: request to http://localhost/web/index.php?r=book/index failed, reason: connect ECONNREFUSED 127.0.0.1:80
       at ClientRequest.<anonymous> (/Users/zhangchiyang/Desktop/network/yd_homework_week2/koa_app/node_modules/_node-fetch@2.3.0@node-fetch/lib/index.js:1444:11)
       at ClientRequest.emit (events.js:189:13)
       at Socket.socketErrorListener (_http_client.js:392:9)
       at Socket.emit (events.js:189:13)
       at emitErrorNT (internal/streams/destroy.js:82:8)
       at emitErrorAndCloseNT (internal/streams/destroy.js:50:3)
       at process._tickCallback (internal/process/next_tick.js:63:19)
     message:
      'request to http://localhost/web/index.php?r=book/index failed, reason: connect ECONNREFUSED 127.0.0.1:80',
     type: 'system',
     errno: 'ECONNREFUSED',
     code: 'ECONNREFUSED' },
  message: 'fetch error',
  code: 1 }
[2019-02-28T22:52:35.077] [ERROR] koa_app - { data:
   { FetchError: request to http://localhost/web/index.php?r=book/index failed, reason: connect ECONNREFUSED 127.0.0.1:80
       at ClientRequest.<anonymous> (/Users/zhangchiyang/Desktop/network/yd_homework_week2/koa_app/node_modules/_node-fetch@2.3.0@node-fetch/lib/index.js:1444:11)
       at ClientRequest.emit (events.js:189:13)
       at Socket.socketErrorListener (_http_client.js:392:9)
       at Socket.emit (events.js:189:13)
       at emitErrorNT (internal/streams/destroy.js:82:8)
       at emitErrorAndCloseNT (internal/streams/destroy.js:50:3)
       at process._tickCallback (internal/process/next_tick.js:63:19)
     message:
      'request to http://localhost/web/index.php?r=book/index failed, reason: connect ECONNREFUSED 127.0.0.1:80',
     type: 'system',
     errno: 'ECONNREFUSED',
     code: 'ECONNREFUSED' },
  message: 'fetch error',
  code: 1 }
[2019-02-28T22:52:35.201] [ERROR] koa_app - { data:
   { FetchError: request to http://localhost/web/index.php?r=book/index failed, reason: connect ECONNREFUSED 127.0.0.1:80
       at ClientRequest.<anonymous> (/Users/zhangchiyang/Desktop/network/yd_homework_week2/koa_app/node_modules/_node-fetch@2.3.0@node-fetch/lib/index.js:1444:11)
       at ClientRequest.emit (events.js:189:13)
       at Socket.socketErrorListener (_http_client.js:392:9)
       at Socket.emit (events.js:189:13)
       at emitErrorNT (internal/streams/destroy.js:82:8)
       at emitErrorAndCloseNT (internal/streams/destroy.js:50:3)
       at process._tickCallback (internal/process/next_tick.js:63:19)
     message:
      'request to http://localhost/web/index.php?r=book/index failed, reason: connect ECONNREFUSED 127.0.0.1:80',
     type: 'system',
     errno: 'ECONNREFUSED',
     code: 'ECONNREFUSED' },
  message: 'fetch error',
  code: 1 }
[2019-02-28T22:52:36.007] [ERROR] koa_app - { data:
   { FetchError: request to http://localhost/web/index.php?r=book/index failed, reason: connect ECONNREFUSED 127.0.0.1:80
       at ClientRequest.<anonymous> (/Users/zhangchiyang/Desktop/network/yd_homework_week2/koa_app/node_modules/_node-fetch@2.3.0@node-fetch/lib/index.js:1444:11)
       at ClientRequest.emit (events.js:189:13)
       at Socket.socketErrorListener (_http_client.js:392:9)
       at Socket.emit (events.js:189:13)
       at emitErrorNT (internal/streams/destroy.js:82:8)
       at emitErrorAndCloseNT (internal/streams/destroy.js:50:3)
       at process._tickCallback (internal/process/next_tick.js:63:19)
     message:
      'request to http://localhost/web/index.php?r=book/index failed, reason: connect ECONNREFUSED 127.0.0.1:80',
     type: 'system',
     errno: 'ECONNREFUSED',
     code: 'ECONNREFUSED' },
  message: 'fetch error',
  code: 1 }
[2019-02-28T22:52:37.452] [ERROR] koa_app - { data:
   { FetchError: request to http://localhost/web/index.php?r=book/index failed, reason: connect ECONNREFUSED 127.0.0.1:80
       at ClientRequest.<anonymous> (/Users/zhangchiyang/Desktop/network/yd_homework_week2/koa_app/node_modules/_node-fetch@2.3.0@node-fetch/lib/index.js:1444:11)
       at ClientRequest.emit (events.js:189:13)
       at Socket.socketErrorListener (_http_client.js:392:9)
       at Socket.emit (events.js:189:13)
       at emitErrorNT (internal/streams/destroy.js:82:8)
       at emitErrorAndCloseNT (internal/streams/destroy.js:50:3)
       at process._tickCallback (internal/process/next_tick.js:63:19)
     message:
      'request to http://localhost/web/index.php?r=book/index failed, reason: connect ECONNREFUSED 127.0.0.1:80',
     type: 'system',
     errno: 'ECONNREFUSED',
     code: 'ECONNREFUSED' },
  message: 'fetch error',
  code: 1 }
[2019-02-28T22:53:57.059] [ERROR] koa_app - { [Error: ENOENT: no such file or directory, open '/Users/zhangchiyang/Desktop/network/yd_homework_week2/koa_app/dist/views/index.html']
  errno: -2,
  code: 'ENOENT',
  syscall: 'open',
  path:
   '/Users/zhangchiyang/Desktop/network/yd_homework_week2/koa_app/dist/views/index.html' }
[2019-02-28T22:53:57.225] [ERROR] koa_app - { [Error: ENOENT: no such file or directory, open '/Users/zhangchiyang/Desktop/network/yd_homework_week2/koa_app/dist/views/index.html']
  errno: -2,
  code: 'ENOENT',
  syscall: 'open',
  path:
   '/Users/zhangchiyang/Desktop/network/yd_homework_week2/koa_app/dist/views/index.html' }
[2019-02-28T23:05:00.600] [ERROR] koa_app - { [Error: ENOENT: no such file or directory, open '/Users/zhangchiyang/Desktop/network/yd_homework_week2/koa_app/dist/views/index.html']
  errno: -2,
  code: 'ENOENT',
  syscall: 'open',
  path:
   '/Users/zhangchiyang/Desktop/network/yd_homework_week2/koa_app/dist/views/index.html' }
[2019-02-28T23:07:57.686] [ERROR] koa_app - { [Error: ENOENT: no such file or directory, open '/Users/zhangchiyang/Desktop/network/yd_homework_week2/koa_app/dist/views/index.html']
  errno: -2,
  code: 'ENOENT',
  syscall: 'open',
  path:
   '/Users/zhangchiyang/Desktop/network/yd_homework_week2/koa_app/dist/views/index.html' }
[2019-02-28T23:08:41.090] [ERROR] koa_app - { [Error: ENOENT: no such file or directory, open '/books/page/list.html']
  errno: -2,
  code: 'ENOENT',
  syscall: 'open',
  path: '/books/page/list.html' }
[2019-02-28T23:10:53.145] [ERROR] koa_app - { [Error: ENOENT: no such file or directory, open '/Users/zhangchiyang/Desktop/network/yd_homework_week2/koa_app/dist/views/books/page/list.html']
  errno: -2,
  code: 'ENOENT',
  syscall: 'open',
  path:
   '/Users/zhangchiyang/Desktop/network/yd_homework_week2/koa_app/dist/views/books/page/list.html' }
[2019-02-28T23:11:49.276] [ERROR] koa_app - { Error: ENOENT: no such file or directory, open '/Users/zhangchiyang/Desktop/network/yd_homework_week2/koa_app/dist/views/common/layout.html'
    at Object.openSync (fs.js:439:3)
    at Object.readFileSync (fs.js:344:35)
    at Object.ret.load (/Users/zhangchiyang/Desktop/network/yd_homework_week2/koa_app/node_modules/_swig-templates@2.0.3@swig-templates/lib/loaders/filesystem.js:59:15)
    at exports.Swig.parseFile (/Users/zhangchiyang/Desktop/network/yd_homework_week2/koa_app/node_modules/_swig-templates@2.0.3@swig-templates/lib/swig.js:403:31)
    at getParents (/Users/zhangchiyang/Desktop/network/yd_homework_week2/koa_app/node_modules/_swig-templates@2.0.3@swig-templates/lib/swig.js:480:14)
    at exports.Swig.precompile (/Users/zhangchiyang/Desktop/network/yd_homework_week2/koa_app/node_modules/_swig-templates@2.0.3@swig-templates/lib/swig.js:527:19)
    at exports.Swig.compile (/Users/zhangchiyang/Desktop/network/yd_homework_week2/koa_app/node_modules/_swig-templates@2.0.3@swig-templates/lib/swig.js:651:16)
    at /Users/zhangchiyang/Desktop/network/yd_homework_week2/koa_app/node_modules/_swig-templates@2.0.3@swig-templates/lib/swig.js:729:27
    at FSReqWrap.readFileAfterClose [as oncomplete] (internal/fs/read_file_context.js:53:3)
  errno: -2,
  syscall: 'open',
  code: 'ENOENT',
  path:
   '/Users/zhangchiyang/Desktop/network/yd_homework_week2/koa_app/dist/views/common/layout.html' }
[2019-02-28T23:13:04.581] [ERROR] koa_app - { Error: ENOENT: no such file or directory, open '/Users/zhangchiyang/Desktop/network/yd_homework_week2/koa_app/dist/views/common/layout.html'
    at Object.openSync (fs.js:439:3)
    at Object.readFileSync (fs.js:344:35)
    at Object.ret.load (/Users/zhangchiyang/Desktop/network/yd_homework_week2/koa_app/node_modules/_swig-templates@2.0.3@swig-templates/lib/loaders/filesystem.js:59:15)
    at exports.Swig.parseFile (/Users/zhangchiyang/Desktop/network/yd_homework_week2/koa_app/node_modules/_swig-templates@2.0.3@swig-templates/lib/swig.js:403:31)
    at getParents (/Users/zhangchiyang/Desktop/network/yd_homework_week2/koa_app/node_modules/_swig-templates@2.0.3@swig-templates/lib/swig.js:480:14)
    at exports.Swig.precompile (/Users/zhangchiyang/Desktop/network/yd_homework_week2/koa_app/node_modules/_swig-templates@2.0.3@swig-templates/lib/swig.js:527:19)
    at exports.Swig.compile (/Users/zhangchiyang/Desktop/network/yd_homework_week2/koa_app/node_modules/_swig-templates@2.0.3@swig-templates/lib/swig.js:651:16)
    at /Users/zhangchiyang/Desktop/network/yd_homework_week2/koa_app/node_modules/_swig-templates@2.0.3@swig-templates/lib/swig.js:729:27
    at FSReqWrap.readFileAfterClose [as oncomplete] (internal/fs/read_file_context.js:53:3)
  errno: -2,
  syscall: 'open',
  code: 'ENOENT',
  path:
   '/Users/zhangchiyang/Desktop/network/yd_homework_week2/koa_app/dist/views/common/layout.html' }
[2019-02-28T23:13:04.753] [ERROR] koa_app - { Error: ENOENT: no such file or directory, open '/Users/zhangchiyang/Desktop/network/yd_homework_week2/koa_app/dist/views/common/layout.html'
    at Object.openSync (fs.js:439:3)
    at Object.readFileSync (fs.js:344:35)
    at Object.ret.load (/Users/zhangchiyang/Desktop/network/yd_homework_week2/koa_app/node_modules/_swig-templates@2.0.3@swig-templates/lib/loaders/filesystem.js:59:15)
    at exports.Swig.parseFile (/Users/zhangchiyang/Desktop/network/yd_homework_week2/koa_app/node_modules/_swig-templates@2.0.3@swig-templates/lib/swig.js:403:31)
    at getParents (/Users/zhangchiyang/Desktop/network/yd_homework_week2/koa_app/node_modules/_swig-templates@2.0.3@swig-templates/lib/swig.js:480:14)
    at exports.Swig.precompile (/Users/zhangchiyang/Desktop/network/yd_homework_week2/koa_app/node_modules/_swig-templates@2.0.3@swig-templates/lib/swig.js:527:19)
    at exports.Swig.compile (/Users/zhangchiyang/Desktop/network/yd_homework_week2/koa_app/node_modules/_swig-templates@2.0.3@swig-templates/lib/swig.js:651:16)
    at /Users/zhangchiyang/Desktop/network/yd_homework_week2/koa_app/node_modules/_swig-templates@2.0.3@swig-templates/lib/swig.js:729:27
    at FSReqWrap.readFileAfterClose [as oncomplete] (internal/fs/read_file_context.js:53:3)
  errno: -2,
  syscall: 'open',
  code: 'ENOENT',
  path:
   '/Users/zhangchiyang/Desktop/network/yd_homework_week2/koa_app/dist/views/common/layout.html' }
[2019-02-28T23:14:15.282] [ERROR] koa_app - { Error: ENOENT: no such file or directory, open '/Users/zhangchiyang/Desktop/network/yd_homework_week2/koa_app/dist/views/common/layout.html'
    at Object.openSync (fs.js:439:3)
    at Object.readFileSync (fs.js:344:35)
    at Object.ret.load (/Users/zhangchiyang/Desktop/network/yd_homework_week2/koa_app/node_modules/_swig-templates@2.0.3@swig-templates/lib/loaders/filesystem.js:59:15)
    at exports.Swig.parseFile (/Users/zhangchiyang/Desktop/network/yd_homework_week2/koa_app/node_modules/_swig-templates@2.0.3@swig-templates/lib/swig.js:403:31)
    at getParents (/Users/zhangchiyang/Desktop/network/yd_homework_week2/koa_app/node_modules/_swig-templates@2.0.3@swig-templates/lib/swig.js:480:14)
    at exports.Swig.precompile (/Users/zhangchiyang/Desktop/network/yd_homework_week2/koa_app/node_modules/_swig-templates@2.0.3@swig-templates/lib/swig.js:527:19)
    at exports.Swig.compile (/Users/zhangchiyang/Desktop/network/yd_homework_week2/koa_app/node_modules/_swig-templates@2.0.3@swig-templates/lib/swig.js:651:16)
    at /Users/zhangchiyang/Desktop/network/yd_homework_week2/koa_app/node_modules/_swig-templates@2.0.3@swig-templates/lib/swig.js:729:27
    at FSReqWrap.readFileAfterClose [as oncomplete] (internal/fs/read_file_context.js:53:3)
  errno: -2,
  syscall: 'open',
  code: 'ENOENT',
  path:
   '/Users/zhangchiyang/Desktop/network/yd_homework_week2/koa_app/dist/views/common/layout.html' }
[2019-02-28T23:14:43.121] [ERROR] koa_app - { Error: ENOENT: no such file or directory, open '/Users/zhangchiyang/Desktop/network/yd_homework_week2/koa_app/dist/views/common/layout.html'
    at Object.openSync (fs.js:439:3)
    at Object.readFileSync (fs.js:344:35)
    at Object.ret.load (/Users/zhangchiyang/Desktop/network/yd_homework_week2/koa_app/node_modules/_swig-templates@2.0.3@swig-templates/lib/loaders/filesystem.js:59:15)
    at exports.Swig.parseFile (/Users/zhangchiyang/Desktop/network/yd_homework_week2/koa_app/node_modules/_swig-templates@2.0.3@swig-templates/lib/swig.js:403:31)
    at getParents (/Users/zhangchiyang/Desktop/network/yd_homework_week2/koa_app/node_modules/_swig-templates@2.0.3@swig-templates/lib/swig.js:480:14)
    at exports.Swig.precompile (/Users/zhangchiyang/Desktop/network/yd_homework_week2/koa_app/node_modules/_swig-templates@2.0.3@swig-templates/lib/swig.js:527:19)
    at exports.Swig.compile (/Users/zhangchiyang/Desktop/network/yd_homework_week2/koa_app/node_modules/_swig-templates@2.0.3@swig-templates/lib/swig.js:651:16)
    at /Users/zhangchiyang/Desktop/network/yd_homework_week2/koa_app/node_modules/_swig-templates@2.0.3@swig-templates/lib/swig.js:729:27
    at FSReqWrap.readFileAfterClose [as oncomplete] (internal/fs/read_file_context.js:53:3)
  errno: -2,
  syscall: 'open',
  code: 'ENOENT',
  path:
   '/Users/zhangchiyang/Desktop/network/yd_homework_week2/koa_app/dist/views/common/layout.html' }
[2019-02-28T23:14:43.421] [ERROR] koa_app - { Error: ENOENT: no such file or directory, open '/Users/zhangchiyang/Desktop/network/yd_homework_week2/koa_app/dist/views/common/layout.html'
    at Object.openSync (fs.js:439:3)
    at Object.readFileSync (fs.js:344:35)
    at Object.ret.load (/Users/zhangchiyang/Desktop/network/yd_homework_week2/koa_app/node_modules/_swig-templates@2.0.3@swig-templates/lib/loaders/filesystem.js:59:15)
    at exports.Swig.parseFile (/Users/zhangchiyang/Desktop/network/yd_homework_week2/koa_app/node_modules/_swig-templates@2.0.3@swig-templates/lib/swig.js:403:31)
    at getParents (/Users/zhangchiyang/Desktop/network/yd_homework_week2/koa_app/node_modules/_swig-templates@2.0.3@swig-templates/lib/swig.js:480:14)
    at exports.Swig.precompile (/Users/zhangchiyang/Desktop/network/yd_homework_week2/koa_app/node_modules/_swig-templates@2.0.3@swig-templates/lib/swig.js:527:19)
    at exports.Swig.compile (/Users/zhangchiyang/Desktop/network/yd_homework_week2/koa_app/node_modules/_swig-templates@2.0.3@swig-templates/lib/swig.js:651:16)
    at /Users/zhangchiyang/Desktop/network/yd_homework_week2/koa_app/node_modules/_swig-templates@2.0.3@swig-templates/lib/swig.js:729:27
    at FSReqWrap.readFileAfterClose [as oncomplete] (internal/fs/read_file_context.js:53:3)
  errno: -2,
  syscall: 'open',
  code: 'ENOENT',
  path:
   '/Users/zhangchiyang/Desktop/network/yd_homework_week2/koa_app/dist/views/common/layout.html' }
[2019-02-28T23:21:08.459] [ERROR] koa_app - { Error: ENOENT: no such file or directory, open '/Users/zhangchiyang/Desktop/network/yd_homework_week2/koa_app/dist/views/common/layout.html'
    at Object.openSync (fs.js:439:3)
    at Object.readFileSync (fs.js:344:35)
    at Object.ret.load (/Users/zhangchiyang/Desktop/network/yd_homework_week2/koa_app/node_modules/_swig-templates@2.0.3@swig-templates/lib/loaders/filesystem.js:59:15)
    at exports.Swig.parseFile (/Users/zhangchiyang/Desktop/network/yd_homework_week2/koa_app/node_modules/_swig-templates@2.0.3@swig-templates/lib/swig.js:403:31)
    at getParents (/Users/zhangchiyang/Desktop/network/yd_homework_week2/koa_app/node_modules/_swig-templates@2.0.3@swig-templates/lib/swig.js:480:14)
    at exports.Swig.precompile (/Users/zhangchiyang/Desktop/network/yd_homework_week2/koa_app/node_modules/_swig-templates@2.0.3@swig-templates/lib/swig.js:527:19)
    at exports.Swig.compile (/Users/zhangchiyang/Desktop/network/yd_homework_week2/koa_app/node_modules/_swig-templates@2.0.3@swig-templates/lib/swig.js:651:16)
    at /Users/zhangchiyang/Desktop/network/yd_homework_week2/koa_app/node_modules/_swig-templates@2.0.3@swig-templates/lib/swig.js:729:27
    at FSReqWrap.readFileAfterClose [as oncomplete] (internal/fs/read_file_context.js:53:3)
  errno: -2,
  syscall: 'open',
  code: 'ENOENT',
  path:
   '/Users/zhangchiyang/Desktop/network/yd_homework_week2/koa_app/dist/views/common/layout.html' }
[2019-02-28T23:22:01.371] [ERROR] koa_app - { Error: ENOENT: no such file or directory, open '/Users/zhangchiyang/Desktop/network/yd_homework_week2/koa_app/dist/views/books/common/components/common/navigation.html'
    at Object.openSync (fs.js:439:3)
    at Object.readFileSync (fs.js:344:35)
    at Object.ret.load (/Users/zhangchiyang/Desktop/network/yd_homework_week2/koa_app/node_modules/_swig-templates@2.0.3@swig-templates/lib/loaders/filesystem.js:59:15)
    at exports.Swig.compileFile (/Users/zhangchiyang/Desktop/network/yd_homework_week2/koa_app/node_modules/_swig-templates@2.0.3@swig-templates/lib/swig.js:740:31)
    at Object.eval [as tpl] (eval at precompile (/Users/zhangchiyang/Desktop/network/yd_homework_week2/koa_app/node_modules/_swig-templates@2.0.3@swig-templates/lib/swig.js:537:13), <anonymous>:10:18)
    at compiled (/Users/zhangchiyang/Desktop/network/yd_homework_week2/koa_app/node_modules/_swig-templates@2.0.3@swig-templates/lib/swig.js:664:18)
    at /Users/zhangchiyang/Desktop/network/yd_homework_week2/koa_app/node_modules/_swig-templates@2.0.3@swig-templates/lib/swig.js:604:20
    at /Users/zhangchiyang/Desktop/network/yd_homework_week2/koa_app/node_modules/_swig-templates@2.0.3@swig-templates/lib/swig.js:735:9
    at FSReqWrap.readFileAfterClose [as oncomplete] (internal/fs/read_file_context.js:53:3)
  errno: -2,
  syscall: 'open',
  code: 'ENOENT',
  path:
   '/Users/zhangchiyang/Desktop/network/yd_homework_week2/koa_app/dist/views/books/common/components/common/navigation.html' }
[2019-02-28T23:22:01.527] [ERROR] koa_app - { Error: ENOENT: no such file or directory, open '/Users/zhangchiyang/Desktop/network/yd_homework_week2/koa_app/dist/views/books/common/components/common/navigation.html'
    at Object.openSync (fs.js:439:3)
    at Object.readFileSync (fs.js:344:35)
    at Object.ret.load (/Users/zhangchiyang/Desktop/network/yd_homework_week2/koa_app/node_modules/_swig-templates@2.0.3@swig-templates/lib/loaders/filesystem.js:59:15)
    at exports.Swig.compileFile (/Users/zhangchiyang/Desktop/network/yd_homework_week2/koa_app/node_modules/_swig-templates@2.0.3@swig-templates/lib/swig.js:740:31)
    at Object.eval [as tpl] (eval at precompile (/Users/zhangchiyang/Desktop/network/yd_homework_week2/koa_app/node_modules/_swig-templates@2.0.3@swig-templates/lib/swig.js:537:13), <anonymous>:10:18)
    at compiled (/Users/zhangchiyang/Desktop/network/yd_homework_week2/koa_app/node_modules/_swig-templates@2.0.3@swig-templates/lib/swig.js:664:18)
    at /Users/zhangchiyang/Desktop/network/yd_homework_week2/koa_app/node_modules/_swig-templates@2.0.3@swig-templates/lib/swig.js:604:20
    at /Users/zhangchiyang/Desktop/network/yd_homework_week2/koa_app/node_modules/_swig-templates@2.0.3@swig-templates/lib/swig.js:735:9
    at FSReqWrap.readFileAfterClose [as oncomplete] (internal/fs/read_file_context.js:53:3)
  errno: -2,
  syscall: 'open',
  code: 'ENOENT',
  path:
   '/Users/zhangchiyang/Desktop/network/yd_homework_week2/koa_app/dist/views/books/common/components/common/navigation.html' }
[2019-02-28T23:27:52.491] [ERROR] koa_app - { Error: ENOENT: no such file or directory, open '/Users/zhangchiyang/Desktop/network/yd_homework_week2/koa_app/dist/views/common/components/common/navigation.html'
    at Object.openSync (fs.js:439:3)
    at Object.readFileSync (fs.js:344:35)
    at Object.ret.load (/Users/zhangchiyang/Desktop/network/yd_homework_week2/koa_app/node_modules/_swig-templates@2.0.3@swig-templates/lib/loaders/filesystem.js:59:15)
    at exports.Swig.compileFile (/Users/zhangchiyang/Desktop/network/yd_homework_week2/koa_app/node_modules/_swig-templates@2.0.3@swig-templates/lib/swig.js:740:31)
    at Object.eval [as tpl] (eval at precompile (/Users/zhangchiyang/Desktop/network/yd_homework_week2/koa_app/node_modules/_swig-templates@2.0.3@swig-templates/lib/swig.js:537:13), <anonymous>:10:18)
    at compiled (/Users/zhangchiyang/Desktop/network/yd_homework_week2/koa_app/node_modules/_swig-templates@2.0.3@swig-templates/lib/swig.js:664:18)
    at /Users/zhangchiyang/Desktop/network/yd_homework_week2/koa_app/node_modules/_swig-templates@2.0.3@swig-templates/lib/swig.js:604:20
    at /Users/zhangchiyang/Desktop/network/yd_homework_week2/koa_app/node_modules/_swig-templates@2.0.3@swig-templates/lib/swig.js:735:9
    at FSReqWrap.readFileAfterClose [as oncomplete] (internal/fs/read_file_context.js:53:3)
  errno: -2,
  syscall: 'open',
  code: 'ENOENT',
  path:
   '/Users/zhangchiyang/Desktop/network/yd_homework_week2/koa_app/dist/views/common/components/common/navigation.html' }
[2019-03-10T23:00:58.022] [ERROR] koa_app - { data:
   { FetchError: request to http://127.0.0.1:8080/yideng_book/web/index.php?r=book/index failed, reason: connect ECONNREFUSED 127.0.0.1:8080
       at ClientRequest.<anonymous> (/Users/zhangchiyang/Desktop/network/yd_homework_week2/koa_app/node_modules/_node-fetch@2.3.0@node-fetch/lib/index.js:1444:11)
       at ClientRequest.emit (events.js:189:13)
       at Socket.socketErrorListener (_http_client.js:392:9)
       at Socket.emit (events.js:189:13)
       at emitErrorNT (internal/streams/destroy.js:82:8)
       at emitErrorAndCloseNT (internal/streams/destroy.js:50:3)
       at process._tickCallback (internal/process/next_tick.js:63:19)
     message:
      'request to http://127.0.0.1:8080/yideng_book/web/index.php?r=book/index failed, reason: connect ECONNREFUSED 127.0.0.1:8080',
     type: 'system',
     errno: 'ECONNREFUSED',
     code: 'ECONNREFUSED' },
  message: 'fetch error！NODE和后端通信异常',
  code: 1 }
[2019-03-10T23:05:34.217] [ERROR] koa_app - { Error: ENOENT: no such file or directory, open '/Users/zhangchiyang/Desktop/network/yd_homework_week2/koa_app/dist/components/common/navigation.html'
    at Object.openSync (fs.js:439:3)
    at Object.readFileSync (fs.js:344:35)
    at Object.ret.load (/Users/zhangchiyang/Desktop/network/yd_homework_week2/koa_app/node_modules/_swig-templates@2.0.3@swig-templates/lib/loaders/filesystem.js:59:15)
    at exports.Swig.compileFile (/Users/zhangchiyang/Desktop/network/yd_homework_week2/koa_app/node_modules/_swig-templates@2.0.3@swig-templates/lib/swig.js:740:31)
    at Object.eval [as tpl] (eval at precompile (/Users/zhangchiyang/Desktop/network/yd_homework_week2/koa_app/node_modules/_swig-templates@2.0.3@swig-templates/lib/swig.js:537:13), <anonymous>:11:18)
    at compiled (/Users/zhangchiyang/Desktop/network/yd_homework_week2/koa_app/node_modules/_swig-templates@2.0.3@swig-templates/lib/swig.js:664:18)
    at /Users/zhangchiyang/Desktop/network/yd_homework_week2/koa_app/node_modules/_swig-templates@2.0.3@swig-templates/lib/swig.js:604:20
    at /Users/zhangchiyang/Desktop/network/yd_homework_week2/koa_app/node_modules/_swig-templates@2.0.3@swig-templates/lib/swig.js:735:9
    at FSReqWrap.readFileAfterClose [as oncomplete] (internal/fs/read_file_context.js:53:3)
  errno: -2,
  syscall: 'open',
  code: 'ENOENT',
  path:
   '/Users/zhangchiyang/Desktop/network/yd_homework_week2/koa_app/dist/components/common/navigation.html' }
[2019-03-11T00:30:24.893] [ERROR] koa_app - ReferenceError: cheerio is not defined
    at /Users/zhangchiyang/Desktop/network/yd_homework_week2/koa_app/dist/controllers/IndexController.js:24:19
[2019-03-11T00:35:47.926] [ERROR] koa_app - ReferenceError: cheerio is not defined
    at /Users/zhangchiyang/Desktop/network/yd_homework_week2/koa_app/dist/controllers/IndexController.js:24:19
